0 info it worked if it ends with ok
1 verbose cli [ 'C:\\Program Files\\nodejs\\node.exe',
1 verbose cli   'C:\\Users\\amcdonald\\AppData\\Roaming\\npm\\node_modules\\npm\\bin\\npm-cli.js',
1 verbose cli   'test' ]
2 info using npm@3.10.9
3 info using node@v6.9.5
4 verbose config Skipping project config: C:\Users\amcdonald/.npmrc. (matches userconfig)
5 verbose stack Error: ENOENT: no such file or directory, open 'C:\Users\amcdonald\package.json'
5 verbose stack     at Error (native)
6 verbose cwd C:\Users\amcdonald\Creative Cloud Files\projects\devDicAng
7 error Windows_NT 6.1.7601
8 error argv "C:\\Program Files\\nodejs\\node.exe" "C:\\Users\\amcdonald\\AppData\\Roaming\\npm\\node_modules\\npm\\bin\\npm-cli.js" "test"
9 error node v6.9.5
10 error npm  v3.10.9
11 error path C:\Users\amcdonald\package.json
12 error code ENOENT
13 error errno -4058
14 error syscall open
15 error enoent ENOENT: no such file or directory, open 'C:\Users\amcdonald\package.json'
16 error enoent ENOENT: no such file or directory, open 'C:\Users\amcdonald\package.json'
16 error enoent This is most likely not a problem with npm itself
16 error enoent and is related to npm not being able to find a file.
17 verbose exit [ -4058, true ]
